{"D:\\Musafir\\FinalMusafir\\practice\\altrata-assessment\\calendar-assessment\\src\\components\\Calendar\\Calendar.module.css": {"path":"D:\\Musafir\\FinalMusafir\\practice\\altrata-assessment\\calendar-assessment\\src\\components\\Calendar\\Calendar.module.css","statementMap":{},"fnMap":{},"branchMap":{},"s":{},"f":{},"b":{},"meta":{"lastBranch":0,"lastFunction":0,"lastStatement":0,"seen":{}}}
,"D:\\Musafir\\FinalMusafir\\practice\\altrata-assessment\\calendar-assessment\\src\\components\\Calendar\\Calendar.tsx": {"path":"D:\\Musafir\\FinalMusafir\\practice\\altrata-assessment\\calendar-assessment\\src\\components\\Calendar\\Calendar.tsx","statementMap":{"0":{"start":{"line":18,"column":8},"end":{"line":22,"column":null}},"1":{"start":{"line":19,"column":14},"end":{"line":19,"column":null}},"2":{"start":{"line":20,"column":4},"end":{"line":20,"column":null}},"3":{"start":{"line":20,"column":35},"end":{"line":20,"column":null}},"4":{"start":{"line":21,"column":4},"end":{"line":21,"column":null}},"5":{"start":{"line":24,"column":71},"end":{"line":24,"column":null}},"6":{"start":{"line":27,"column":8},"end":{"line":30,"column":null}},"7":{"start":{"line":28,"column":14},"end":{"line":28,"column":null}},"8":{"start":{"line":29,"column":4},"end":{"line":29,"column":null}},"9":{"start":{"line":32,"column":2},"end":{"line":37,"column":null}},"10":{"start":{"line":33,"column":4},"end":{"line":36,"column":null}},"11":{"start":{"line":34,"column":22},"end":{"line":34,"column":null}},"12":{"start":{"line":35,"column":6},"end":{"line":35,"column":null}},"13":{"start":{"line":39,"column":30},"end":{"line":41,"column":null}},"14":{"start":{"line":40,"column":4},"end":{"line":40,"column":null}},"15":{"start":{"line":43,"column":26},"end":{"line":45,"column":null}},"16":{"start":{"line":44,"column":4},"end":{"line":44,"column":null}},"17":{"start":{"line":47,"column":29},"end":{"line":49,"column":null}},"18":{"start":{"line":48,"column":4},"end":{"line":48,"column":null}},"19":{"start":{"line":51,"column":25},"end":{"line":53,"column":null}},"20":{"start":{"line":52,"column":4},"end":{"line":52,"column":null}},"21":{"start":{"line":55,"column":8},"end":{"line":55,"column":null}},"22":{"start":{"line":55,"column":24},"end":{"line":55,"column":67}},"23":{"start":{"line":58,"column":8},"end":{"line":69,"column":null}},"24":{"start":{"line":59,"column":10},"end":{"line":67,"column":null}},"25":{"start":{"line":60,"column":6},"end":{"line":66,"column":null}},"26":{"start":{"line":71,"column":2},"end":{"line":122,"column":null}},"27":{"start":{"line":93,"column":14},"end":{"line":99,"column":null}},"28":{"start":{"line":105,"column":12},"end":{"line":118,"column":null}},"29":{"start":{"line":107,"column":16},"end":{"line":116,"column":null}}},"fnMap":{"0":{"name":"Calendar","decl":{"start":{"line":10,"column":24},"end":{"line":10,"column":33}},"loc":{"start":{"line":16,"column":28},"end":{"line":124,"column":null}},"line":16},"1":{"name":"(anonymous_1)","decl":{"start":{"line":18,"column":30},"end":{"line":18,"column":36}},"loc":{"start":{"line":18,"column":36},"end":{"line":22,"column":5}},"line":18},"2":{"name":"(anonymous_2)","decl":{"start":{"line":27,"column":32},"end":{"line":27,"column":38}},"loc":{"start":{"line":27,"column":38},"end":{"line":30,"column":5}},"line":27},"3":{"name":"(anonymous_3)","decl":{"start":{"line":32,"column":12},"end":{"line":32,"column":18}},"loc":{"start":{"line":32,"column":18},"end":{"line":37,"column":5}},"line":32},"4":{"name":"(anonymous_4)","decl":{"start":{"line":39,"column":30},"end":{"line":39,"column":36}},"loc":{"start":{"line":39,"column":36},"end":{"line":41,"column":null}},"line":39},"5":{"name":"(anonymous_5)","decl":{"start":{"line":43,"column":26},"end":{"line":43,"column":32}},"loc":{"start":{"line":43,"column":32},"end":{"line":45,"column":null}},"line":43},"6":{"name":"(anonymous_6)","decl":{"start":{"line":47,"column":29},"end":{"line":47,"column":35}},"loc":{"start":{"line":47,"column":35},"end":{"line":49,"column":null}},"line":47},"7":{"name":"(anonymous_7)","decl":{"start":{"line":51,"column":25},"end":{"line":51,"column":31}},"loc":{"start":{"line":51,"column":31},"end":{"line":53,"column":null}},"line":51},"8":{"name":"(anonymous_8)","decl":{"start":{"line":55,"column":24},"end":{"line":55,"column":30}},"loc":{"start":{"line":55,"column":24},"end":{"line":55,"column":67}},"line":55},"9":{"name":"(anonymous_9)","decl":{"start":{"line":59,"column":4},"end":{"line":59,"column":10}},"loc":{"start":{"line":59,"column":10},"end":{"line":67,"column":null}},"line":59},"10":{"name":"(anonymous_10)","decl":{"start":{"line":59,"column":10},"end":{"line":59,"column":11}},"loc":{"start":{"line":59,"column":69},"end":{"line":67,"column":null}},"line":59},"11":{"name":"(anonymous_11)","decl":{"start":{"line":92,"column":26},"end":{"line":92,"column":27}},"loc":{"start":{"line":93,"column":14},"end":{"line":99,"column":null}},"line":93},"12":{"name":"(anonymous_12)","decl":{"start":{"line":104,"column":21},"end":{"line":104,"column":22}},"loc":{"start":{"line":105,"column":12},"end":{"line":118,"column":null}},"line":105},"13":{"name":"(anonymous_13)","decl":{"start":{"line":106,"column":24},"end":{"line":106,"column":25}},"loc":{"start":{"line":107,"column":16},"end":{"line":116,"column":null}},"line":107}},"branchMap":{"0":{"loc":{"start":{"line":15,"column":2},"end":{"line":15,"column":null}},"type":"default-arg","locations":[{"start":{"line":15,"column":21},"end":{"line":15,"column":null}}],"line":15},"1":{"loc":{"start":{"line":20,"column":4},"end":{"line":20,"column":null}},"type":"if","locations":[{"start":{"line":20,"column":4},"end":{"line":20,"column":null}},{"start":{},"end":{}}],"line":20},"2":{"loc":{"start":{"line":29,"column":11},"end":{"line":29,"column":null}},"type":"cond-expr","locations":[{"start":{"line":29,"column":39},"end":{"line":29,"column":46}},{"start":{"line":29,"column":46},"end":{"line":29,"column":null}}],"line":29},"3":{"loc":{"start":{"line":33,"column":4},"end":{"line":36,"column":null}},"type":"if","locations":[{"start":{"line":33,"column":4},"end":{"line":36,"column":null}},{"start":{},"end":{}}],"line":33}},"s":{"0":63,"1":31,"2":31,"3":4,"4":27,"5":63,"6":63,"7":27,"8":27,"9":63,"10":27,"11":27,"12":27,"13":63,"14":1,"15":63,"16":1,"17":63,"18":1,"19":63,"20":1,"21":63,"22":31,"23":63,"24":21,"25":3232,"26":63,"27":406,"28":293,"29":2051},"f":{"0":63,"1":31,"2":27,"3":27,"4":1,"5":1,"6":1,"7":1,"8":31,"9":21,"10":3232,"11":406,"12":293,"13":2051},"b":{"0":[63],"1":[4,27],"2":[0,27],"3":[27,0]},"meta":{"lastBranch":4,"lastFunction":14,"lastStatement":30,"seen":{"f:10:24:10:33":0,"b:15:21:15:Infinity":0,"s:18:8:22:Infinity":0,"f:18:30:18:36":1,"s:19:14:19:Infinity":1,"b:20:4:20:Infinity:undefined:undefined:undefined:undefined":1,"s:20:4:20:Infinity":2,"s:20:35:20:Infinity":3,"s:21:4:21:Infinity":4,"s:24:71:24:Infinity":5,"s:27:8:30:Infinity":6,"f:27:32:27:38":2,"s:28:14:28:Infinity":7,"s:29:4:29:Infinity":8,"b:29:39:29:46:29:46:29:Infinity":2,"s:32:2:37:Infinity":9,"f:32:12:32:18":3,"b:33:4:36:Infinity:undefined:undefined:undefined:undefined":3,"s:33:4:36:Infinity":10,"s:34:22:34:Infinity":11,"s:35:6:35:Infinity":12,"s:39:30:41:Infinity":13,"f:39:30:39:36":4,"s:40:4:40:Infinity":14,"s:43:26:45:Infinity":15,"f:43:26:43:32":5,"s:44:4:44:Infinity":16,"s:47:29:49:Infinity":17,"f:47:29:47:35":6,"s:48:4:48:Infinity":18,"s:51:25:53:Infinity":19,"f:51:25:51:31":7,"s:52:4:52:Infinity":20,"s:55:8:55:Infinity":21,"f:55:24:55:30":8,"s:55:24:55:67":22,"s:58:8:69:Infinity":23,"f:59:4:59:10":9,"s:59:10:67:Infinity":24,"f:59:10:59:11":10,"s:60:6:66:Infinity":25,"s:71:2:122:Infinity":26,"f:92:26:92:27":11,"s:93:14:99:Infinity":27,"f:104:21:104:22":12,"s:105:12:118:Infinity":28,"f:106:24:106:25":13,"s:107:16:116:Infinity":29}}}
,"D:\\Musafir\\FinalMusafir\\practice\\altrata-assessment\\calendar-assessment\\src\\components\\Calendar\\CalendarDayCell\\CalendarDayCell.tsx": {"path":"D:\\Musafir\\FinalMusafir\\practice\\altrata-assessment\\calendar-assessment\\src\\components\\Calendar\\CalendarDayCell\\CalendarDayCell.tsx","statementMap":{"0":{"start":{"line":5,"column":63},"end":{"line":46,"column":null}},"1":{"start":{"line":14,"column":8},"end":{"line":14,"column":null}},"2":{"start":{"line":15,"column":23},"end":{"line":15,"column":null}},"3":{"start":{"line":17,"column":23},"end":{"line":21,"column":null}},"4":{"start":{"line":23,"column":2},"end":{"line":44,"column":null}},"5":{"start":{"line":33,"column":21},"end":{"line":33,"column":null}},"6":{"start":{"line":37,"column":8},"end":{"line":40,"column":null}},"7":{"start":{"line":38,"column":10},"end":{"line":38,"column":null}},"8":{"start":{"line":39,"column":10},"end":{"line":39,"column":null}}},"fnMap":{"0":{"name":"(anonymous_0)","decl":{"start":{"line":5,"column":63},"end":{"line":5,"column":64}},"loc":{"start":{"line":13,"column":6},"end":{"line":46,"column":null}},"line":13},"1":{"name":"(anonymous_1)","decl":{"start":{"line":33,"column":15},"end":{"line":33,"column":21}},"loc":{"start":{"line":33,"column":21},"end":{"line":33,"column":null}},"line":33},"2":{"name":"(anonymous_2)","decl":{"start":{"line":36,"column":17},"end":{"line":36,"column":18}},"loc":{"start":{"line":36,"column":45},"end":{"line":41,"column":null}},"line":36}},"branchMap":{"0":{"loc":{"start":{"line":19,"column":4},"end":{"line":19,"column":null}},"type":"cond-expr","locations":[{"start":{"line":19,"column":19},"end":{"line":19,"column":62}},{"start":{"line":19,"column":62},"end":{"line":19,"column":null}}],"line":19},"1":{"loc":{"start":{"line":20,"column":4},"end":{"line":20,"column":null}},"type":"cond-expr","locations":[{"start":{"line":20,"column":17},"end":{"line":20,"column":66}},{"start":{"line":20,"column":66},"end":{"line":20,"column":null}}],"line":20},"2":{"loc":{"start":{"line":28,"column":12},"end":{"line":28,"column":null}},"type":"cond-expr","locations":[{"start":{"line":28,"column":25},"end":{"line":28,"column":50}},{"start":{"line":28,"column":50},"end":{"line":28,"column":null}}],"line":28},"3":{"loc":{"start":{"line":29,"column":12},"end":{"line":29,"column":null}},"type":"cond-expr","locations":[{"start":{"line":29,"column":27},"end":{"line":29,"column":49}},{"start":{"line":29,"column":49},"end":{"line":29,"column":null}}],"line":29},"4":{"loc":{"start":{"line":32,"column":21},"end":{"line":32,"column":null}},"type":"binary-expr","locations":[{"start":{"line":32,"column":21},"end":{"line":32,"column":35}},{"start":{"line":32,"column":35},"end":{"line":32,"column":null}}],"line":32},"5":{"loc":{"start":{"line":37,"column":8},"end":{"line":40,"column":null}},"type":"if","locations":[{"start":{"line":37,"column":8},"end":{"line":40,"column":null}},{"start":{},"end":{}}],"line":37},"6":{"loc":{"start":{"line":37,"column":12},"end":{"line":37,"column":48}},"type":"binary-expr","locations":[{"start":{"line":37,"column":12},"end":{"line":37,"column":33}},{"start":{"line":37,"column":33},"end":{"line":37,"column":48}}],"line":37}},"s":{"0":2,"1":2063,"2":2063,"3":2063,"4":2063,"5":1,"6":5,"7":4,"8":4},"f":{"0":2063,"1":1,"2":5},"b":{"0":[258,1805],"1":[65,1998],"2":[65,1998],"3":[258,1805],"4":[2063,1998],"5":[4,1],"6":[5,3]},"meta":{"lastBranch":7,"lastFunction":3,"lastStatement":9,"seen":{"s:5:63:46:Infinity":0,"f:5:63:5:64":0,"s:14:8:14:Infinity":1,"s:15:23:15:Infinity":2,"s:17:23:21:Infinity":3,"b:19:19:19:62:19:62:19:Infinity":0,"b:20:17:20:66:20:66:20:Infinity":1,"s:23:2:44:Infinity":4,"b:28:25:28:50:28:50:28:Infinity":2,"b:29:27:29:49:29:49:29:Infinity":3,"b:32:21:32:35:32:35:32:Infinity":4,"f:33:15:33:21":1,"s:33:21:33:Infinity":5,"f:36:17:36:18":2,"b:37:8:40:Infinity:undefined:undefined:undefined:undefined":5,"s:37:8:40:Infinity":6,"b:37:12:37:33:37:33:37:48":6,"s:38:10:38:Infinity":7,"s:39:10:39:Infinity":8}}}
,"D:\\Musafir\\FinalMusafir\\practice\\altrata-assessment\\calendar-assessment\\src\\components\\Calendar\\CalendarDayCell\\index.ts": {"path":"D:\\Musafir\\FinalMusafir\\practice\\altrata-assessment\\calendar-assessment\\src\\components\\Calendar\\CalendarDayCell\\index.ts","statementMap":{},"fnMap":{},"branchMap":{},"s":{},"f":{},"b":{},"meta":{"lastBranch":0,"lastFunction":0,"lastStatement":0,"seen":{}}}
,"D:\\Musafir\\FinalMusafir\\practice\\altrata-assessment\\calendar-assessment\\src\\components\\Calendar\\CalendarNavigation\\CalendarNavigation.tsx": {"path":"D:\\Musafir\\FinalMusafir\\practice\\altrata-assessment\\calendar-assessment\\src\\components\\Calendar\\CalendarNavigation\\CalendarNavigation.tsx","statementMap":{"0":{"start":{"line":5,"column":69},"end":{"line":65,"column":null}},"1":{"start":{"line":15,"column":2},"end":{"line":65,"column":null}}},"fnMap":{"0":{"name":"(anonymous_0)","decl":{"start":{"line":5,"column":69},"end":{"line":5,"column":70}},"loc":{"start":{"line":15,"column":2},"end":{"line":65,"column":null}},"line":15}},"branchMap":{},"s":{"0":1,"1":58},"f":{"0":58},"b":{},"meta":{"lastBranch":0,"lastFunction":1,"lastStatement":2,"seen":{"s:5:69:65:Infinity":0,"f:5:69:5:70":0,"s:15:2:65:Infinity":1}}}
,"D:\\Musafir\\FinalMusafir\\practice\\altrata-assessment\\calendar-assessment\\src\\components\\Calendar\\CalendarNavigation\\index.ts": {"path":"D:\\Musafir\\FinalMusafir\\practice\\altrata-assessment\\calendar-assessment\\src\\components\\Calendar\\CalendarNavigation\\index.ts","statementMap":{},"fnMap":{},"branchMap":{},"s":{},"f":{},"b":{},"meta":{"lastBranch":0,"lastFunction":0,"lastStatement":0,"seen":{}}}
,"D:\\Musafir\\FinalMusafir\\practice\\altrata-assessment\\calendar-assessment\\src\\components\\hooks\\index.ts": {"path":"D:\\Musafir\\FinalMusafir\\practice\\altrata-assessment\\calendar-assessment\\src\\components\\hooks\\index.ts","statementMap":{},"fnMap":{},"branchMap":{},"s":{},"f":{},"b":{},"meta":{"lastBranch":0,"lastFunction":0,"lastStatement":0,"seen":{}}}
,"D:\\Musafir\\FinalMusafir\\practice\\altrata-assessment\\calendar-assessment\\src\\components\\hooks\\useCalendar\\index.ts": {"path":"D:\\Musafir\\FinalMusafir\\practice\\altrata-assessment\\calendar-assessment\\src\\components\\hooks\\useCalendar\\index.ts","statementMap":{},"fnMap":{},"branchMap":{},"s":{},"f":{},"b":{},"meta":{"lastBranch":0,"lastFunction":0,"lastStatement":0,"seen":{}}}
,"D:\\Musafir\\FinalMusafir\\practice\\altrata-assessment\\calendar-assessment\\src\\components\\hooks\\useCalendar\\useCalendar.ts": {"path":"D:\\Musafir\\FinalMusafir\\practice\\altrata-assessment\\calendar-assessment\\src\\components\\hooks\\useCalendar\\useCalendar.ts","statementMap":{"0":{"start":{"line":5,"column":38},"end":{"line":5,"column":null}},"1":{"start":{"line":6,"column":38},"end":{"line":6,"column":null}},"2":{"start":{"line":7,"column":8},"end":{"line":7,"column":null}},"3":{"start":{"line":10,"column":31},"end":{"line":10,"column":null}},"4":{"start":{"line":12,"column":2},"end":{"line":18,"column":null}},"5":{"start":{"line":13,"column":4},"end":{"line":17,"column":null}},"6":{"start":{"line":14,"column":6},"end":{"line":14,"column":null}},"7":{"start":{"line":15,"column":6},"end":{"line":15,"column":null}},"8":{"start":{"line":16,"column":6},"end":{"line":16,"column":null}},"9":{"start":{"line":20,"column":8},"end":{"line":28,"column":null}},"10":{"start":{"line":21,"column":4},"end":{"line":21,"column":null}},"11":{"start":{"line":22,"column":4},"end":{"line":27,"column":null}},"12":{"start":{"line":23,"column":6},"end":{"line":25,"column":null}},"13":{"start":{"line":24,"column":8},"end":{"line":24,"column":null}},"14":{"start":{"line":26,"column":6},"end":{"line":26,"column":null}},"15":{"start":{"line":30,"column":2},"end":{"line":35,"column":null}}},"fnMap":{"0":{"name":"useCalendar","decl":{"start":{"line":4,"column":16},"end":{"line":4,"column":28}},"loc":{"start":{"line":4,"column":47},"end":{"line":36,"column":null}},"line":4},"1":{"name":"(anonymous_1)","decl":{"start":{"line":12,"column":12},"end":{"line":12,"column":18}},"loc":{"start":{"line":12,"column":18},"end":{"line":18,"column":5}},"line":12},"2":{"name":"(anonymous_2)","decl":{"start":{"line":20,"column":38},"end":{"line":20,"column":39}},"loc":{"start":{"line":20,"column":61},"end":{"line":28,"column":5}},"line":20},"3":{"name":"(anonymous_3)","decl":{"start":{"line":22,"column":20},"end":{"line":22,"column":21}},"loc":{"start":{"line":22,"column":44},"end":{"line":27,"column":5}},"line":22}},"branchMap":{"0":{"loc":{"start":{"line":13,"column":4},"end":{"line":17,"column":null}},"type":"if","locations":[{"start":{"line":13,"column":4},"end":{"line":17,"column":null}},{"start":{},"end":{}}],"line":13},"1":{"loc":{"start":{"line":13,"column":8},"end":{"line":13,"column":100}},"type":"binary-expr","locations":[{"start":{"line":13,"column":8},"end":{"line":13,"column":47}},{"start":{"line":13,"column":47},"end":{"line":13,"column":100}}],"line":13},"2":{"loc":{"start":{"line":23,"column":6},"end":{"line":25,"column":null}},"type":"if","locations":[{"start":{"line":23,"column":6},"end":{"line":25,"column":null}},{"start":{},"end":{}}],"line":23}},"s":{"0":73,"1":73,"2":73,"3":73,"4":73,"5":36,"6":8,"7":8,"8":8,"9":73,"10":30,"11":30,"12":30,"13":1,"14":29,"15":73},"f":{"0":73,"1":36,"2":30,"3":30},"b":{"0":[8,28],"1":[36,36],"2":[1,29]},"meta":{"lastBranch":3,"lastFunction":4,"lastStatement":16,"seen":{"f:4:16:4:28":0,"s:5:38:5:Infinity":0,"s:6:38:6:Infinity":1,"s:7:8:7:Infinity":2,"s:10:31:10:Infinity":3,"s:12:2:18:Infinity":4,"f:12:12:12:18":1,"b:13:4:17:Infinity:undefined:undefined:undefined:undefined":0,"s:13:4:17:Infinity":5,"b:13:8:13:47:13:47:13:100":1,"s:14:6:14:Infinity":6,"s:15:6:15:Infinity":7,"s:16:6:16:Infinity":8,"s:20:8:28:Infinity":9,"f:20:38:20:39":2,"s:21:4:21:Infinity":10,"s:22:4:27:Infinity":11,"f:22:20:22:21":3,"b:23:6:25:Infinity:undefined:undefined:undefined:undefined":2,"s:23:6:25:Infinity":12,"s:24:8:24:Infinity":13,"s:26:6:26:Infinity":14,"s:30:2:35:Infinity":15}}}
,"D:\\Musafir\\FinalMusafir\\practice\\altrata-assessment\\calendar-assessment\\src\\components\\utils\\calendar.utils.ts": {"path":"D:\\Musafir\\FinalMusafir\\practice\\altrata-assessment\\calendar-assessment\\src\\components\\utils\\calendar.utils.ts","statementMap":{"0":{"start":{"line":10,"column":8},"end":{"line":10,"column":null}},"1":{"start":{"line":11,"column":8},"end":{"line":11,"column":null}},"2":{"start":{"line":12,"column":8},"end":{"line":12,"column":null}},"3":{"start":{"line":13,"column":8},"end":{"line":13,"column":null}},"4":{"start":{"line":15,"column":26},"end":{"line":15,"column":null}},"5":{"start":{"line":16,"column":16},"end":{"line":16,"column":null}},"6":{"start":{"line":18,"column":2},"end":{"line":25,"column":null}},"7":{"start":{"line":19,"column":25},"end":{"line":19,"column":null}},"8":{"start":{"line":20,"column":4},"end":{"line":23,"column":null}},"9":{"start":{"line":20,"column":17},"end":{"line":20,"column":20}},"10":{"start":{"line":21,"column":6},"end":{"line":21,"column":null}},"11":{"start":{"line":22,"column":6},"end":{"line":22,"column":null}},"12":{"start":{"line":24,"column":4},"end":{"line":24,"column":null}},"13":{"start":{"line":27,"column":2},"end":{"line":27,"column":null}},"14":{"start":{"line":30,"column":24},"end":{"line":30,"column":null}}},"fnMap":{"0":{"name":"generateCalendarWeeks","decl":{"start":{"line":9,"column":16},"end":{"line":9,"column":38}},"loc":{"start":{"line":9,"column":68},"end":{"line":28,"column":null}},"line":9}},"branchMap":{},"s":{"0":31,"1":31,"2":31,"3":31,"4":31,"5":31,"6":31,"7":158,"8":158,"9":158,"10":1106,"11":1106,"12":158,"13":31,"14":1},"f":{"0":31},"b":{},"meta":{"lastBranch":0,"lastFunction":1,"lastStatement":15,"seen":{"f:9:16:9:38":0,"s:10:8:10:Infinity":0,"s:11:8:11:Infinity":1,"s:12:8:12:Infinity":2,"s:13:8:13:Infinity":3,"s:15:26:15:Infinity":4,"s:16:16:16:Infinity":5,"s:18:2:25:Infinity":6,"s:19:25:19:Infinity":7,"s:20:4:23:Infinity":8,"s:20:17:20:20":9,"s:21:6:21:Infinity":10,"s:22:6:22:Infinity":11,"s:24:4:24:Infinity":12,"s:27:2:27:Infinity":13,"s:30:24:30:Infinity":14}}}
,"D:\\Musafir\\FinalMusafir\\practice\\altrata-assessment\\calendar-assessment\\src\\components\\utils\\className.helpers.ts": {"path":"D:\\Musafir\\FinalMusafir\\practice\\altrata-assessment\\calendar-assessment\\src\\components\\utils\\className.helpers.ts","statementMap":{"0":{"start":{"line":10,"column":2},"end":{"line":12,"column":null}},"1":{"start":{"line":11,"column":4},"end":{"line":11,"column":null}},"2":{"start":{"line":13,"column":2},"end":{"line":15,"column":null}},"3":{"start":{"line":14,"column":4},"end":{"line":14,"column":null}},"4":{"start":{"line":16,"column":2},"end":{"line":16,"column":null}}},"fnMap":{"0":{"name":"getClassName","decl":{"start":{"line":3,"column":16},"end":{"line":3,"column":null}},"loc":{"start":{"line":9,"column":10},"end":{"line":17,"column":null}},"line":9}},"branchMap":{"0":{"loc":{"start":{"line":8,"column":2},"end":{"line":8,"column":null}},"type":"default-arg","locations":[{"start":{"line":8,"column":30},"end":{"line":8,"column":null}}],"line":8},"1":{"loc":{"start":{"line":10,"column":2},"end":{"line":12,"column":null}},"type":"if","locations":[{"start":{"line":10,"column":2},"end":{"line":12,"column":null}},{"start":{},"end":{}}],"line":10},"2":{"loc":{"start":{"line":10,"column":6},"end":{"line":10,"column":46}},"type":"binary-expr","locations":[{"start":{"line":10,"column":6},"end":{"line":10,"column":27}},{"start":{"line":10,"column":27},"end":{"line":10,"column":46}}],"line":10},"3":{"loc":{"start":{"line":11,"column":11},"end":{"line":11,"column":null}},"type":"binary-expr","locations":[{"start":{"line":11,"column":11},"end":{"line":11,"column":44}},{"start":{"line":11,"column":44},"end":{"line":11,"column":59}},{"start":{"line":11,"column":59},"end":{"line":11,"column":null}}],"line":11},"4":{"loc":{"start":{"line":13,"column":2},"end":{"line":15,"column":null}},"type":"if","locations":[{"start":{"line":13,"column":2},"end":{"line":15,"column":null}},{"start":{},"end":{}}],"line":13},"5":{"loc":{"start":{"line":14,"column":63},"end":{"line":14,"column":80}},"type":"binary-expr","locations":[{"start":{"line":14,"column":63},"end":{"line":14,"column":78}},{"start":{"line":14,"column":78},"end":{"line":14,"column":80}}],"line":14},"6":{"loc":{"start":{"line":16,"column":9},"end":{"line":16,"column":null}},"type":"cond-expr","locations":[{"start":{"line":16,"column":23},"end":{"line":16,"column":58}},{"start":{"line":16,"column":58},"end":{"line":16,"column":null}}],"line":16}},"s":{"0":3242,"1":223,"2":3019,"3":5,"4":3014},"f":{"0":3242},"b":{"0":[3242],"1":[223,3019],"2":[3242,223],"3":[223,218,217],"4":[5,3014],"5":[5,3],"6":[148,2866]},"meta":{"lastBranch":7,"lastFunction":1,"lastStatement":5,"seen":{"f:3:16:3:Infinity":0,"b:8:30:8:Infinity":0,"b:10:2:12:Infinity:undefined:undefined:undefined:undefined":1,"s:10:2:12:Infinity":0,"b:10:6:10:27:10:27:10:46":2,"s:11:4:11:Infinity":1,"b:11:11:11:44:11:44:11:59:11:59:11:Infinity":3,"b:13:2:15:Infinity:undefined:undefined:undefined:undefined":4,"s:13:2:15:Infinity":2,"s:14:4:14:Infinity":3,"b:14:63:14:78:14:78:14:80":5,"s:16:2:16:Infinity":4,"b:16:23:16:58:16:58:16:Infinity":6}}}
,"D:\\Musafir\\FinalMusafir\\practice\\altrata-assessment\\calendar-assessment\\src\\components\\utils\\index.ts": {"path":"D:\\Musafir\\FinalMusafir\\practice\\altrata-assessment\\calendar-assessment\\src\\components\\utils\\index.ts","statementMap":{},"fnMap":{},"branchMap":{},"s":{},"f":{},"b":{},"meta":{"lastBranch":0,"lastFunction":0,"lastStatement":0,"seen":{}}}
}
